Using pre-set license

 COMMAND LINE ARGUMENTS:
/Applications/Unity/Hub/Editor/2020.3.16f1/Unity.app/Contents/MacOS/Unity
-adb2
-batchMode
-noUpm
-name
AssetImportWorker0
-projectPath
/Users/rim/BasicShader/BasicShader
-logFile
Logs/AssetImportWorker0.log
-srvPort
53452
Successfully changed project path to: /Users/rim/BasicShader/BasicShader
/Users/rim/BasicShader/BasicShader
Using Asset Import Pipeline V2.
Refreshing native plugins compatible for Editor in 35.37 ms, found 2 plugins.
Preloading 0 native plugins for Editor in 0.00 ms.
Initialize engine version: 2020.3.16f1 (049d6eca3c44)
[Subsystems] Discovering subsystems at path /Applications/Unity/Hub/Editor/2020.3.16f1/Unity.app/Contents/Resources/UnitySubsystems
[Subsystems] Discovering subsystems at path /Users/rim/BasicShader/BasicShader/Assets
GfxDevice: creating device client; threaded=0
2021-08-30 21:30:37.803 Unity[54527:19407183] Color LCD preferred device: AMD Radeon Pro 560 (high power)
2021-08-30 21:30:37.803 Unity[54527:19407183] Metal devices available: 2
2021-08-30 21:30:37.803 Unity[54527:19407183] 0: AMD Radeon Pro 560 (high power)
2021-08-30 21:30:37.803 Unity[54527:19407183] 1: Intel(R) HD Graphics 630 (low power)
2021-08-30 21:30:37.803 Unity[54527:19407183] Using device AMD Radeon Pro 560 (high power)
Initializing Metal device caps: AMD Radeon Pro 560
Initialize mono
Mono path[0] = '/Applications/Unity/Hub/Editor/2020.3.16f1/Unity.app/Contents/Managed'
Mono path[1] = '/Applications/Unity/Hub/Editor/2020.3.16f1/Unity.app/Contents/MonoBleedingEdge/lib/mono/unityjit'
Mono config path = '/Applications/Unity/Hub/Editor/2020.3.16f1/Unity.app/Contents/MonoBleedingEdge/etc'
Using monoOptions --debugger-agent=transport=dt_socket,embedding=1,server=y,suspend=n,address=127.0.0.1:56527
Begin MonoManager ReloadAssembly
Registering precompiled unity dll's ...
Register platform support module: /Applications/Unity/Hub/Editor/2020.3.16f1/Unity.app/Contents/PlaybackEngines/MacStandaloneSupport/UnityEditor.OSXStandalone.Extensions.dll
Registered in 0.002206 seconds.
Native extension for OSXStandalone target not found
Refreshing native plugins compatible for Editor in 30.12 ms, found 2 plugins.
Preloading 0 native plugins for Editor in 0.00 ms.
Mono: successfully reloaded assembly
- Completed reload, in  1.623 seconds
Domain Reload Profiling:
	ReloadAssembly (1623ms)
		BeginReloadAssembly (59ms)
			ExecutionOrderSort (0ms)
			DisableScriptedObjects (0ms)
			BackupInstance (0ms)
			ReleaseScriptingObjects (0ms)
			CreateAndSetChildDomain (1ms)
		EndReloadAssembly (551ms)
			LoadAssemblies (60ms)
			RebuildTransferFunctionScriptingTraits (0ms)
			SetupTypeCache (223ms)
			ReleaseScriptCaches (0ms)
			RebuildScriptCaches (50ms)
			SetupLoadedEditorAssemblies (210ms)
				LogAssemblyErrors (0ms)
				InitializePlatformSupportModulesInManaged (5ms)
				SetLoadedEditorAssemblies (0ms)
				RefreshPlugins (30ms)
				BeforeProcessingInitializeOnLoad (12ms)
				ProcessInitializeOnLoadAttributes (119ms)
				ProcessInitializeOnLoadMethodAttributes (44ms)
				AfterProcessingInitializeOnLoad (0ms)
				EditorAssembliesLoaded (0ms)
			ExecutionOrderSort2 (0ms)
			AwakeInstancesAfterBackupRestoration (0ms)
Platform modules already initialized, skipping
Registering precompiled user dll's ...
Registered in 0.007860 seconds.
Begin MonoManager ReloadAssembly
Native extension for OSXStandalone target not found
Refreshing native plugins compatible for Editor in 0.36 ms, found 2 plugins.
Preloading 0 native plugins for Editor in 0.00 ms.
Mono: successfully reloaded assembly
- Completed reload, in  1.453 seconds
Domain Reload Profiling:
	ReloadAssembly (1456ms)
		BeginReloadAssembly (196ms)
			ExecutionOrderSort (0ms)
			DisableScriptedObjects (6ms)
			BackupInstance (0ms)
			ReleaseScriptingObjects (0ms)
			CreateAndSetChildDomain (38ms)
		EndReloadAssembly (1184ms)
			LoadAssemblies (122ms)
			RebuildTransferFunctionScriptingTraits (0ms)
			SetupTypeCache (382ms)
			ReleaseScriptCaches (0ms)
			RebuildScriptCaches (64ms)
			SetupLoadedEditorAssemblies (482ms)
				LogAssemblyErrors (0ms)
				InitializePlatformSupportModulesInManaged (6ms)
				SetLoadedEditorAssemblies (1ms)
				RefreshPlugins (0ms)
				BeforeProcessingInitializeOnLoad (80ms)
				ProcessInitializeOnLoadAttributes (389ms)
				ProcessInitializeOnLoadMethodAttributes (5ms)
				AfterProcessingInitializeOnLoad (2ms)
				EditorAssembliesLoaded (0ms)
			ExecutionOrderSort2 (0ms)
			AwakeInstancesAfterBackupRestoration (8ms)
Platform modules already initialized, skipping
========================================================================
Worker process is ready to serve import requests
Launching external process: /Applications/Unity/Hub/Editor/2020.3.16f1/Unity.app/Contents/Tools/UnityShaderCompiler
Launched and connected shader compiler UnityShaderCompiler after 0.02 seconds
Refreshing native plugins compatible for Editor in 0.36 ms, found 2 plugins.
Preloading 0 native plugins for Editor in 0.00 ms.
Unloading 1402 Unused Serialized files (Serialized files now loaded: 0)
System memory in use before: 135.8 MB.
System memory in use after: 135.9 MB.

Unloading 18 unused Assets to reduce memory usage. Loaded Objects now: 1835.
Total: 3.221203 ms (FindLiveObjects: 0.174457 ms CreateObjectMapping: 0.046301 ms MarkObjects: 2.931051 ms  DeleteObjects: 0.068294 ms)

AssetImportParameters requested are different than current active one (requested -> active):
  custom:video-decoder-ogg-theora: a1e56fd34408186e4bbccfd4996cb3dc -> 
  custom:container-muxer-webm: aa71ff27fc2769a1b78a27578f13a17b -> 
  custom:container-demuxer-webm: 4f35f7cbe854078d1ac9338744f61a02 -> 
  custom:container-demuxer-ogg: 62fdf1f143b41e24485cea50d1cbac27 -> 
  custom:video-encoder-webm-vp8: eb34c28f22e8b96e1ab97ce403110664 -> 
  custom:framework-osx-AVFoundation: e770b220cccbd017edd2c1fefb359320 -> 
  custom:video-decoder-webm-vp8: 9c59270c3fd7afecdb556c50c9e8de78 -> 
  custom:audio-decoder-ogg-vorbis: bf7c407c2cedff20999df2af8eb42d56 -> 
  custom:audio-encoder-webm-vorbis: bf7c407c2cedff20999df2af8eb42d56 -> 
========================================================================
Received Import Request.
  path: Assets/New Material.mat
  artifactKey: Guid(213c12d6a6e474132b59b4a8903fb047) Importer(815301076,1909f56bfc062723c751e8b465ee728b)
Start importing Assets/New Material.mat using Guid(213c12d6a6e474132b59b4a8903fb047) Importer(815301076,1909f56bfc062723c751e8b465ee728b)  -> (artifact id: '38a326d27ab965b89c9ecb016f61a3bf') in 2.134918 seconds 
  Import took 2.161221 seconds .

========================================================================
Received Import Request.
  Time since last request: 68.808987 seconds.
  path: Assets/Lighting/Phong.shader
  artifactKey: Guid(55f8f2639fa2a4dee9d9d8bfec7951e7) Importer(815301076,1909f56bfc062723c751e8b465ee728b)
Start importing Assets/Lighting/Phong.shader using Guid(55f8f2639fa2a4dee9d9d8bfec7951e7) Importer(815301076,1909f56bfc062723c751e8b465ee728b)  -> (artifact id: '184471fa00e2d0d5f2a51fdc52779349') in 0.371277 seconds 
  Import took 0.374642 seconds .

========================================================================
Received Import Request.
  Time since last request: 138.002033 seconds.
  path: Assets/Lighting/Phong.shader
  artifactKey: Guid(55f8f2639fa2a4dee9d9d8bfec7951e7) Importer(815301076,1909f56bfc062723c751e8b465ee728b)
Start importing Assets/Lighting/Phong.shader using Guid(55f8f2639fa2a4dee9d9d8bfec7951e7) Importer(815301076,1909f56bfc062723c751e8b465ee728b)  -> (artifact id: 'f139490f403d191274bd71c26ef89766') in 0.029977 seconds 
  Import took 0.056040 seconds .

========================================================================
Received Import Request.
  Time since last request: 582.215838 seconds.
  path: Assets/Lighting/Phong.shader
  artifactKey: Guid(55f8f2639fa2a4dee9d9d8bfec7951e7) Importer(815301076,1909f56bfc062723c751e8b465ee728b)
Start importing Assets/Lighting/Phong.shader using Guid(55f8f2639fa2a4dee9d9d8bfec7951e7) Importer(815301076,1909f56bfc062723c751e8b465ee728b)  -> (artifact id: '1c66b6950fb7beb3390b3ec0b3c72b91') in 0.032947 seconds 
  Import took 0.078482 seconds .

========================================================================
Received Import Request.
  Time since last request: 9.811043 seconds.
  path: Assets/Lighting/Phong.shader
  artifactKey: Guid(55f8f2639fa2a4dee9d9d8bfec7951e7) Importer(815301076,1909f56bfc062723c751e8b465ee728b)
Start importing Assets/Lighting/Phong.shader using Guid(55f8f2639fa2a4dee9d9d8bfec7951e7) Importer(815301076,1909f56bfc062723c751e8b465ee728b)  -> (artifact id: 'fb8d22d169ce45c8b2b9a2310eec8ea3') in 0.006715 seconds 
  Import took 0.012110 seconds .

========================================================================
Received Import Request.
  Time since last request: 36.300106 seconds.
  path: Assets/Lighting/Blinn-Phong.shader
  artifactKey: Guid(19e8a8f938eed49219567b57b16badce) Importer(815301076,1909f56bfc062723c751e8b465ee728b)
Start importing Assets/Lighting/Blinn-Phong.shader using Guid(19e8a8f938eed49219567b57b16badce) Importer(815301076,1909f56bfc062723c751e8b465ee728b)  -> (artifact id: '9361b28e4ce16f47d8b3584879f932bf') in 0.006025 seconds 
  Import took 0.009077 seconds .

========================================================================
Received Import Request.
  Time since last request: 481.945241 seconds.
  path: Assets/Lighting/Blinn-Phong.shader
  artifactKey: Guid(19e8a8f938eed49219567b57b16badce) Importer(815301076,1909f56bfc062723c751e8b465ee728b)
Start importing Assets/Lighting/Blinn-Phong.shader using Guid(19e8a8f938eed49219567b57b16badce) Importer(815301076,1909f56bfc062723c751e8b465ee728b)  -> (artifact id: '4f64a39b3885bbdeed1086ac0837667e') in 0.027558 seconds 
  Import took 0.064797 seconds .

========================================================================
Received Import Request.
  Time since last request: 30.050624 seconds.
  path: Assets/Lighting/Rim.shader
  artifactKey: Guid(d6ac39b72cca546e5a5cadeada7338cf) Importer(815301076,1909f56bfc062723c751e8b465ee728b)
Start importing Assets/Lighting/Rim.shader using Guid(d6ac39b72cca546e5a5cadeada7338cf) Importer(815301076,1909f56bfc062723c751e8b465ee728b)  -> (artifact id: '7c1acb6a9c50b05bb7740dcddb383bfa') in 0.010804 seconds 
  Import took 0.015110 seconds .

========================================================================
Received Import Request.
  Time since last request: 565.877847 seconds.
  path: Assets/Lighting/Rim.shader
  artifactKey: Guid(d6ac39b72cca546e5a5cadeada7338cf) Importer(815301076,1909f56bfc062723c751e8b465ee728b)
Start importing Assets/Lighting/Rim.shader using Guid(d6ac39b72cca546e5a5cadeada7338cf) Importer(815301076,1909f56bfc062723c751e8b465ee728b)  -> (artifact id: 'ca40c0b8312efc2d2f78c53262ce64e9') in 0.018508 seconds 
  Import took 0.043047 seconds .

========================================================================
Received Import Request.
  Time since last request: 197.014097 seconds.
  path: Assets/Lighting/Toon.shader
  artifactKey: Guid(9d351c1ed2a7346f4b02cfbd61d82c5e) Importer(815301076,1909f56bfc062723c751e8b465ee728b)
Start importing Assets/Lighting/Toon.shader using Guid(9d351c1ed2a7346f4b02cfbd61d82c5e) Importer(815301076,1909f56bfc062723c751e8b465ee728b)  -> (artifact id: '70e7d44265c7bade4f53d3de15ab26c9') in 0.009249 seconds 
  Import took 0.013965 seconds .

========================================================================
Received Import Request.
  Time since last request: 508.143674 seconds.
  path: Assets/Lighting/Toon.shader
  artifactKey: Guid(9d351c1ed2a7346f4b02cfbd61d82c5e) Importer(815301076,1909f56bfc062723c751e8b465ee728b)
Start importing Assets/Lighting/Toon.shader using Guid(9d351c1ed2a7346f4b02cfbd61d82c5e) Importer(815301076,1909f56bfc062723c751e8b465ee728b)  -> (artifact id: '6118a42761317a466071dbf448438fe8') in 0.009462 seconds 
  Import took 0.012971 seconds .

========================================================================
Received Import Request.
  Time since last request: 29.772259 seconds.
  path: Assets/Lighting/Toon.shader
  artifactKey: Guid(9d351c1ed2a7346f4b02cfbd61d82c5e) Importer(815301076,1909f56bfc062723c751e8b465ee728b)
Start importing Assets/Lighting/Toon.shader using Guid(9d351c1ed2a7346f4b02cfbd61d82c5e) Importer(815301076,1909f56bfc062723c751e8b465ee728b)  -> (artifact id: '35d9c41b4b4e0e1e1cbe70f2e95678a6') in 0.003327 seconds 
  Import took 0.006962 seconds .

========================================================================
Received Import Request.
  Time since last request: 252.086772 seconds.
  path: Assets/Lighting/Oren-Nayar.shader
  artifactKey: Guid(90b259131c70c40e3a514ff0a299ad09) Importer(815301076,1909f56bfc062723c751e8b465ee728b)
Start importing Assets/Lighting/Oren-Nayar.shader using Guid(90b259131c70c40e3a514ff0a299ad09) Importer(815301076,1909f56bfc062723c751e8b465ee728b)  -> (artifact id: '943bd521536debfbf8028cd75a12503f') in 0.009422 seconds 
  Import took 0.012921 seconds .

========================================================================
Received Import Request.
  Time since last request: 555.395888 seconds.
  path: Assets/Lighting/Oren-Nayar.shader
  artifactKey: Guid(90b259131c70c40e3a514ff0a299ad09) Importer(815301076,1909f56bfc062723c751e8b465ee728b)
Start importing Assets/Lighting/Oren-Nayar.shader using Guid(90b259131c70c40e3a514ff0a299ad09) Importer(815301076,1909f56bfc062723c751e8b465ee728b)  -> (artifact id: '116407d300a2c0e7589272898b3e94aa') in 0.003038 seconds 
  Import took 0.006889 seconds .

========================================================================
Received Import Request.
  Time since last request: 187.422378 seconds.
  path: Assets/Lighting/Cook-Torrance.shader
  artifactKey: Guid(221f892b7a9704021b5cb915f76fa456) Importer(815301076,1909f56bfc062723c751e8b465ee728b)
Start importing Assets/Lighting/Cook-Torrance.shader using Guid(221f892b7a9704021b5cb915f76fa456) Importer(815301076,1909f56bfc062723c751e8b465ee728b)  -> (artifact id: '9f5ec6760b0ac843ea84518dc90df395') in 0.010077 seconds 
  Import took 0.013765 seconds .

========================================================================
Received Import Request.
  Time since last request: 784.429286 seconds.
  path: Assets/Lighting/Cook-Torrance.shader
  artifactKey: Guid(221f892b7a9704021b5cb915f76fa456) Importer(815301076,1909f56bfc062723c751e8b465ee728b)
Start importing Assets/Lighting/Cook-Torrance.shader using Guid(221f892b7a9704021b5cb915f76fa456) Importer(815301076,1909f56bfc062723c751e8b465ee728b)  -> (artifact id: '554224e62fd0d38813e7b50975e8d8eb') in 0.003639 seconds 
  Import took 0.007804 seconds .

========================================================================
Received Import Request.
  Time since last request: 71.119858 seconds.
  path: Assets/New Material.mat
  artifactKey: Guid(213c12d6a6e474132b59b4a8903fb047) Importer(815301076,1909f56bfc062723c751e8b465ee728b)
Start importing Assets/New Material.mat using Guid(213c12d6a6e474132b59b4a8903fb047) Importer(815301076,1909f56bfc062723c751e8b465ee728b)  -> (artifact id: 'fc742e488d880a6ba8a6e323740e3080') in 0.169320 seconds 
  Import took 0.172056 seconds .

