Using pre-set license

 COMMAND LINE ARGUMENTS:
/Applications/Unity/Hub/Editor/2020.3.16f1/Unity.app/Contents/MacOS/Unity
-adb2
-batchMode
-noUpm
-name
AssetImportWorker0
-projectPath
/Users/rim/BasicShader/BasicShader
-logFile
Logs/AssetImportWorker0.log
-srvPort
55119
Successfully changed project path to: /Users/rim/BasicShader/BasicShader
/Users/rim/BasicShader/BasicShader
Using Asset Import Pipeline V2.
Refreshing native plugins compatible for Editor in 28.73 ms, found 2 plugins.
Preloading 0 native plugins for Editor in 0.00 ms.
Initialize engine version: 2020.3.16f1 (049d6eca3c44)
[Subsystems] Discovering subsystems at path /Applications/Unity/Hub/Editor/2020.3.16f1/Unity.app/Contents/Resources/UnitySubsystems
[Subsystems] Discovering subsystems at path /Users/rim/BasicShader/BasicShader/Assets
GfxDevice: creating device client; threaded=0
2021-08-29 15:19:22.810 Unity[40824:15810281] Color LCD preferred device: AMD Radeon Pro 560 (high power)
2021-08-29 15:19:22.810 Unity[40824:15810281] Metal devices available: 2
2021-08-29 15:19:22.811 Unity[40824:15810281] 0: AMD Radeon Pro 560 (high power)
2021-08-29 15:19:22.811 Unity[40824:15810281] 1: Intel(R) HD Graphics 630 (low power)
2021-08-29 15:19:22.813 Unity[40824:15810281] Using device AMD Radeon Pro 560 (high power)
Initializing Metal device caps: AMD Radeon Pro 560
Initialize mono
Mono path[0] = '/Applications/Unity/Hub/Editor/2020.3.16f1/Unity.app/Contents/Managed'
Mono path[1] = '/Applications/Unity/Hub/Editor/2020.3.16f1/Unity.app/Contents/MonoBleedingEdge/lib/mono/unityjit'
Mono config path = '/Applications/Unity/Hub/Editor/2020.3.16f1/Unity.app/Contents/MonoBleedingEdge/etc'
Using monoOptions --debugger-agent=transport=dt_socket,embedding=1,server=y,suspend=n,address=127.0.0.1:56824
Begin MonoManager ReloadAssembly
Registering precompiled unity dll's ...
Register platform support module: /Applications/Unity/Hub/Editor/2020.3.16f1/Unity.app/Contents/PlaybackEngines/MacStandaloneSupport/UnityEditor.OSXStandalone.Extensions.dll
Registered in 0.007204 seconds.
Native extension for OSXStandalone target not found
Refreshing native plugins compatible for Editor in 29.59 ms, found 2 plugins.
Preloading 0 native plugins for Editor in 0.00 ms.
Mono: successfully reloaded assembly
- Completed reload, in  1.769 seconds
Domain Reload Profiling:
	ReloadAssembly (1770ms)
		BeginReloadAssembly (64ms)
			ExecutionOrderSort (0ms)
			DisableScriptedObjects (0ms)
			BackupInstance (0ms)
			ReleaseScriptingObjects (0ms)
			CreateAndSetChildDomain (1ms)
		EndReloadAssembly (566ms)
			LoadAssemblies (64ms)
			RebuildTransferFunctionScriptingTraits (0ms)
			SetupTypeCache (235ms)
			ReleaseScriptCaches (0ms)
			RebuildScriptCaches (51ms)
			SetupLoadedEditorAssemblies (209ms)
				LogAssemblyErrors (0ms)
				InitializePlatformSupportModulesInManaged (4ms)
				SetLoadedEditorAssemblies (0ms)
				RefreshPlugins (30ms)
				BeforeProcessingInitializeOnLoad (11ms)
				ProcessInitializeOnLoadAttributes (119ms)
				ProcessInitializeOnLoadMethodAttributes (45ms)
				AfterProcessingInitializeOnLoad (0ms)
				EditorAssembliesLoaded (0ms)
			ExecutionOrderSort2 (0ms)
			AwakeInstancesAfterBackupRestoration (0ms)
Platform modules already initialized, skipping
Registering precompiled user dll's ...
Registered in 0.002286 seconds.
Begin MonoManager ReloadAssembly
Native extension for OSXStandalone target not found
Refreshing native plugins compatible for Editor in 0.31 ms, found 2 plugins.
Preloading 0 native plugins for Editor in 0.00 ms.
Mono: successfully reloaded assembly
- Completed reload, in  1.409 seconds
Domain Reload Profiling:
	ReloadAssembly (1410ms)
		BeginReloadAssembly (190ms)
			ExecutionOrderSort (0ms)
			DisableScriptedObjects (5ms)
			BackupInstance (0ms)
			ReleaseScriptingObjects (0ms)
			CreateAndSetChildDomain (38ms)
		EndReloadAssembly (1137ms)
			LoadAssemblies (96ms)
			RebuildTransferFunctionScriptingTraits (0ms)
			SetupTypeCache (375ms)
			ReleaseScriptCaches (0ms)
			RebuildScriptCaches (65ms)
			SetupLoadedEditorAssemblies (465ms)
				LogAssemblyErrors (0ms)
				InitializePlatformSupportModulesInManaged (5ms)
				SetLoadedEditorAssemblies (0ms)
				RefreshPlugins (0ms)
				BeforeProcessingInitializeOnLoad (81ms)
				ProcessInitializeOnLoadAttributes (371ms)
				ProcessInitializeOnLoadMethodAttributes (5ms)
				AfterProcessingInitializeOnLoad (2ms)
				EditorAssembliesLoaded (0ms)
			ExecutionOrderSort2 (0ms)
			AwakeInstancesAfterBackupRestoration (9ms)
Platform modules already initialized, skipping
========================================================================
Worker process is ready to serve import requests
Launching external process: /Applications/Unity/Hub/Editor/2020.3.16f1/Unity.app/Contents/Tools/UnityShaderCompiler
Launched and connected shader compiler UnityShaderCompiler after 0.02 seconds
Refreshing native plugins compatible for Editor in 0.39 ms, found 2 plugins.
Preloading 0 native plugins for Editor in 0.00 ms.
Unloading 1397 Unused Serialized files (Serialized files now loaded: 0)
System memory in use before: 135.0 MB.
System memory in use after: 135.0 MB.

Unloading 18 unused Assets to reduce memory usage. Loaded Objects now: 1830.
Total: 3.934006 ms (FindLiveObjects: 0.193551 ms CreateObjectMapping: 0.054758 ms MarkObjects: 3.600041 ms  DeleteObjects: 0.084373 ms)

AssetImportParameters requested are different than current active one (requested -> active):
  custom:video-decoder-ogg-theora: a1e56fd34408186e4bbccfd4996cb3dc -> 
  custom:container-muxer-webm: aa71ff27fc2769a1b78a27578f13a17b -> 
  custom:container-demuxer-webm: 4f35f7cbe854078d1ac9338744f61a02 -> 
  custom:container-demuxer-ogg: 62fdf1f143b41e24485cea50d1cbac27 -> 
  custom:video-encoder-webm-vp8: eb34c28f22e8b96e1ab97ce403110664 -> 
  custom:framework-osx-AVFoundation: e770b220cccbd017edd2c1fefb359320 -> 
  custom:video-decoder-webm-vp8: 9c59270c3fd7afecdb556c50c9e8de78 -> 
  custom:audio-decoder-ogg-vorbis: bf7c407c2cedff20999df2af8eb42d56 -> 
  custom:audio-encoder-webm-vorbis: bf7c407c2cedff20999df2af8eb42d56 -> 
========================================================================
Received Import Request.
  path: Assets/New Material.mat
  artifactKey: Guid(213c12d6a6e474132b59b4a8903fb047) Importer(815301076,1909f56bfc062723c751e8b465ee728b)
Start importing Assets/New Material.mat using Guid(213c12d6a6e474132b59b4a8903fb047) Importer(815301076,1909f56bfc062723c751e8b465ee728b)  -> (artifact id: '3419a914db87c2b9f4ee90b7327b87a4') in 1.148776 seconds 
  Import took 1.177672 seconds .

========================================================================
Received Import Request.
  Time since last request: 0.028911 seconds.
  path: Assets/New Material.mat
  artifactKey: Guid(213c12d6a6e474132b59b4a8903fb047) Importer(815301076,1909f56bfc062723c751e8b465ee728b)
Start importing Assets/New Material.mat using Guid(213c12d6a6e474132b59b4a8903fb047) Importer(815301076,1909f56bfc062723c751e8b465ee728b)  -> (artifact id: '3419a914db87c2b9f4ee90b7327b87a4') in 0.026675 seconds 
  Import took 0.031135 seconds .

========================================================================
Received Import Request.
  Time since last request: 25.468297 seconds.
  path: Assets/Unlit.shader
  artifactKey: Guid(9a8a0f0ff14c742ca936a171c8389560) Importer(815301076,1909f56bfc062723c751e8b465ee728b)
Start importing Assets/Unlit.shader using Guid(9a8a0f0ff14c742ca936a171c8389560) Importer(815301076,1909f56bfc062723c751e8b465ee728b)  -> (artifact id: '5d028c03feaf6ebbce1de4a620f92c06') in 0.351414 seconds 
  Import took 0.354728 seconds .

========================================================================
Received Import Request.
  Time since last request: 0.673718 seconds.
  path: Assets/Unlit.shader
  artifactKey: Guid(9a8a0f0ff14c742ca936a171c8389560) Importer(815301076,1909f56bfc062723c751e8b465ee728b)
Start importing Assets/Unlit.shader using Guid(9a8a0f0ff14c742ca936a171c8389560) Importer(815301076,1909f56bfc062723c751e8b465ee728b)  -> (artifact id: '5d028c03feaf6ebbce1de4a620f92c06') in 0.003675 seconds 
  Import took 0.007359 seconds .

========================================================================
Received Import Request.
  Time since last request: 170.721557 seconds.
  path: Assets/Unlit.shader
  artifactKey: Guid(9a8a0f0ff14c742ca936a171c8389560) Importer(815301076,1909f56bfc062723c751e8b465ee728b)
Start importing Assets/Unlit.shader using Guid(9a8a0f0ff14c742ca936a171c8389560) Importer(815301076,1909f56bfc062723c751e8b465ee728b)  -> (artifact id: '1eb958cac1cc91b2ab6559362fb63d16') in 0.002585 seconds 
  Import took 0.007215 seconds .

========================================================================
Received Import Request.
  Time since last request: 856.275551 seconds.
  path: Assets/Ambient.shader
  artifactKey: Guid(a88e0d99c3ad64dec9ef6c07cb240800) Importer(815301076,1909f56bfc062723c751e8b465ee728b)
Start importing Assets/Ambient.shader using Guid(a88e0d99c3ad64dec9ef6c07cb240800) Importer(815301076,1909f56bfc062723c751e8b465ee728b)  -> (artifact id: '1c92042138a2ffbd3a2efa54a4e1c8d3') in 0.004862 seconds 
  Import took 0.007850 seconds .

========================================================================
Received Import Request.
  Time since last request: 220.852767 seconds.
  path: Assets/Ambient.shader
  artifactKey: Guid(a88e0d99c3ad64dec9ef6c07cb240800) Importer(815301076,1909f56bfc062723c751e8b465ee728b)
Start importing Assets/Ambient.shader using Guid(a88e0d99c3ad64dec9ef6c07cb240800) Importer(815301076,1909f56bfc062723c751e8b465ee728b)  -> (artifact id: '40c983ab00a75d92c8787c6079f095cc') in 0.005226 seconds 
  Import took 0.010102 seconds .

========================================================================
Received Prepare
Registering precompiled user dll's ...
Registered in 0.005796 seconds.
Begin MonoManager ReloadAssembly
Native extension for OSXStandalone target not found
Refreshing native plugins compatible for Editor in 0.33 ms, found 2 plugins.
Preloading 0 native plugins for Editor in 0.00 ms.
Mono: successfully reloaded assembly
- Completed reload, in  1.480 seconds
Domain Reload Profiling:
	ReloadAssembly (1481ms)
		BeginReloadAssembly (250ms)
			ExecutionOrderSort (0ms)
			DisableScriptedObjects (10ms)
			BackupInstance (0ms)
			ReleaseScriptingObjects (0ms)
			CreateAndSetChildDomain (141ms)
		EndReloadAssembly (1141ms)
			LoadAssemblies (137ms)
			RebuildTransferFunctionScriptingTraits (0ms)
			SetupTypeCache (390ms)
			ReleaseScriptCaches (1ms)
			RebuildScriptCaches (63ms)
			SetupLoadedEditorAssemblies (427ms)
				LogAssemblyErrors (0ms)
				InitializePlatformSupportModulesInManaged (6ms)
				SetLoadedEditorAssemblies (1ms)
				RefreshPlugins (0ms)
				BeforeProcessingInitializeOnLoad (69ms)
				ProcessInitializeOnLoadAttributes (345ms)
				ProcessInitializeOnLoadMethodAttributes (5ms)
				AfterProcessingInitializeOnLoad (2ms)
				EditorAssembliesLoaded (0ms)
			ExecutionOrderSort2 (0ms)
			AwakeInstancesAfterBackupRestoration (9ms)
Platform modules already initialized, skipping
Refreshing native plugins compatible for Editor in 0.32 ms, found 2 plugins.
Preloading 0 native plugins for Editor in 0.00 ms.
Unloading 1394 Unused Serialized files (Serialized files now loaded: 0)
System memory in use before: 147.8 MB.
System memory in use after: 147.8 MB.

Unloading 16 unused Assets to reduce memory usage. Loaded Objects now: 1872.
Total: 3.233027 ms (FindLiveObjects: 0.212293 ms CreateObjectMapping: 0.043744 ms MarkObjects: 2.854726 ms  DeleteObjects: 0.121193 ms)

AssetImportParameters requested are different than current active one (requested -> active):
  custom:video-decoder-ogg-theora: a1e56fd34408186e4bbccfd4996cb3dc -> 
  custom:container-muxer-webm: aa71ff27fc2769a1b78a27578f13a17b -> 
  custom:container-demuxer-webm: 4f35f7cbe854078d1ac9338744f61a02 -> 
  custom:container-demuxer-ogg: 62fdf1f143b41e24485cea50d1cbac27 -> 
  custom:video-encoder-webm-vp8: eb34c28f22e8b96e1ab97ce403110664 -> 
  custom:framework-osx-AVFoundation: e770b220cccbd017edd2c1fefb359320 -> 
  custom:video-decoder-webm-vp8: 9c59270c3fd7afecdb556c50c9e8de78 -> 
  custom:audio-decoder-ogg-vorbis: bf7c407c2cedff20999df2af8eb42d56 -> 
  custom:audio-encoder-webm-vorbis: bf7c407c2cedff20999df2af8eb42d56 -> 
========================================================================
Received Import Request.
  Time since last request: 68.629174 seconds.
  path: Assets/Diffuse.shader
  artifactKey: Guid(b07830077374e476e90ead6aa0c4dfb4) Importer(815301076,1909f56bfc062723c751e8b465ee728b)
Start importing Assets/Diffuse.shader using Guid(b07830077374e476e90ead6aa0c4dfb4) Importer(815301076,1909f56bfc062723c751e8b465ee728b)  -> (artifact id: 'eedafb1b94ed0ecef4c8e7e0c2a82191') in 0.012745 seconds 
  Import took 0.015624 seconds .

========================================================================
Received Import Request.
  Time since last request: 0.005429 seconds.
  path: Assets/Diffuse.shader
  artifactKey: Guid(b07830077374e476e90ead6aa0c4dfb4) Importer(815301076,1909f56bfc062723c751e8b465ee728b)
Start importing Assets/Diffuse.shader using Guid(b07830077374e476e90ead6aa0c4dfb4) Importer(815301076,1909f56bfc062723c751e8b465ee728b)  -> (artifact id: 'eedafb1b94ed0ecef4c8e7e0c2a82191') in 0.003914 seconds 
  Import took 0.007090 seconds .

========================================================================
Received Import Request.
  Time since last request: 250.910696 seconds.
  path: Assets/Diffuse.shader
  artifactKey: Guid(b07830077374e476e90ead6aa0c4dfb4) Importer(815301076,1909f56bfc062723c751e8b465ee728b)
Start importing Assets/Diffuse.shader using Guid(b07830077374e476e90ead6aa0c4dfb4) Importer(815301076,1909f56bfc062723c751e8b465ee728b)  -> (artifact id: '16ceda469b83db6532e9916b4dbb1cc4') in 0.003501 seconds 
  Import took 0.006484 seconds .

========================================================================
Received Import Request.
  Time since last request: 51.348686 seconds.
  path: Assets/Diffuse.shader
  artifactKey: Guid(b07830077374e476e90ead6aa0c4dfb4) Importer(815301076,1909f56bfc062723c751e8b465ee728b)
Start importing Assets/Diffuse.shader using Guid(b07830077374e476e90ead6aa0c4dfb4) Importer(815301076,1909f56bfc062723c751e8b465ee728b)  -> (artifact id: 'be846a87795dd43721acd6ea113bde53') in 0.003817 seconds 
  Import took 0.007100 seconds .

========================================================================
Received Import Request.
  Time since last request: 54.543094 seconds.
  path: Assets/Lighting
  artifactKey: Guid(3fb45251640c949d7b32eea00926d42c) Importer(815301076,1909f56bfc062723c751e8b465ee728b)
Start importing Assets/Lighting using Guid(3fb45251640c949d7b32eea00926d42c) Importer(815301076,1909f56bfc062723c751e8b465ee728b)  -> (artifact id: '561cad280e9cbcdd284b7aaaa40bce71') in 0.002096 seconds 
  Import took 0.005500 seconds .

========================================================================
Received Import Request.
  Time since last request: 17.235914 seconds.
  path: Assets/Lighting/Specular.shader
  artifactKey: Guid(236b173885b1843088bc6f4c4385bd87) Importer(815301076,1909f56bfc062723c751e8b465ee728b)
Start importing Assets/Lighting/Specular.shader using Guid(236b173885b1843088bc6f4c4385bd87) Importer(815301076,1909f56bfc062723c751e8b465ee728b)  -> (artifact id: '9c8d51fa09064a06ada5fa87ff9d4d7c') in 0.006303 seconds 
  Import took 0.009826 seconds .

